[debug] [2024-05-15T16:32:39.979Z] ----------------------------------------------------------------------
[debug] [2024-05-15T16:32:39.982Z] Command:       /Users/bryce/.nvm/versions/node/v20.5.1/bin/node /Users/bryce/.nvm/versions/node/v20.5.1/bin/firebase emulators:start
[debug] [2024-05-15T16:32:39.982Z] CLI Version:   13.3.1
[debug] [2024-05-15T16:32:39.982Z] Platform:      darwin
[debug] [2024-05-15T16:32:39.982Z] Node Version:  v20.5.1
[debug] [2024-05-15T16:32:39.982Z] Time:          Wed May 15 2024 17:32:39 GMT+0100 (Irish Standard Time)
[debug] [2024-05-15T16:32:39.982Z] ----------------------------------------------------------------------
[debug] 
[debug] [2024-05-15T16:32:40.049Z] > command requires scopes: ["email","openid","https://www.googleapis.com/auth/cloudplatformprojects.readonly","https://www.googleapis.com/auth/firebase","https://www.googleapis.com/auth/cloud-platform"]
[debug] [2024-05-15T16:32:40.049Z] > authorizing via signed-in user (bryce.kaddouri.dublin@gmail.com)
[info] i  emulators: Starting emulators: functions {"metadata":{"emulator":{"name":"hub"},"message":"Starting emulators: functions"}}
[debug] [2024-05-15T16:32:40.172Z] [logging] Logging Emulator only supports listening on one address (127.0.0.1). Not listening on ::1
[debug] [2024-05-15T16:32:40.172Z] assigned listening specs for emulators {"user":{"hub":[{"address":"127.0.0.1","family":"IPv4","port":4400},{"address":"::1","family":"IPv6","port":4400}],"ui":[{"address":"127.0.0.1","family":"IPv4","port":4000},{"address":"::1","family":"IPv6","port":4000}],"logging":[{"address":"127.0.0.1","family":"IPv4","port":4500}]},"metadata":{"message":"assigned listening specs for emulators"}}
[debug] [2024-05-15T16:32:40.176Z] [hub] writing locator at /var/folders/fm/gc1qxgp56b5f29_xml5kvbhr0000gp/T/hub-test-extract-text-ia.json
[debug] [2024-05-15T16:32:40.245Z] [functions] Functions Emulator only supports listening on one address (127.0.0.1). Not listening on ::1
[debug] [2024-05-15T16:32:40.245Z] [eventarc] Eventarc Emulator only supports listening on one address (127.0.0.1). Not listening on ::1
[debug] [2024-05-15T16:32:40.246Z] late-assigned ports for functions and eventarc emulators {"user":{"hub":[{"address":"127.0.0.1","family":"IPv4","port":4400},{"address":"::1","family":"IPv6","port":4400}],"ui":[{"address":"127.0.0.1","family":"IPv4","port":4000},{"address":"::1","family":"IPv6","port":4000}],"logging":[{"address":"127.0.0.1","family":"IPv4","port":4500}],"functions":[{"address":"127.0.0.1","family":"IPv4","port":5001}],"eventarc":[{"address":"127.0.0.1","family":"IPv4","port":9299}]},"metadata":{"message":"late-assigned ports for functions and eventarc emulators"}}
[warn] ⚠  functions: The following emulators are not running, calls to these services from the Functions emulator will affect production: auth, firestore, database, hosting, pubsub, storage {"metadata":{"emulator":{"name":"functions"},"message":"The following emulators are not running, calls to these services from the Functions emulator will affect production: \u001b[1mauth, firestore, database, hosting, pubsub, storage\u001b[22m"}}
[debug] [2024-05-15T16:32:40.247Z] defaultcredentials: writing to file /Users/bryce/.config/firebase/bryce_kaddouri.dublin_gmail.com_application_default_credentials.json
[debug] [2024-05-15T16:32:40.254Z] Setting GAC to /Users/bryce/.config/firebase/bryce_kaddouri.dublin_gmail.com_application_default_credentials.json {"metadata":{"emulator":{"name":"functions"},"message":"Setting GAC to /Users/bryce/.config/firebase/bryce_kaddouri.dublin_gmail.com_application_default_credentials.json"}}
[debug] [2024-05-15T16:32:40.255Z] >>> [apiv2][query] GET https://firebase.googleapis.com/v1beta1/projects/test-extract-text-ia/adminSdkConfig [none]
[debug] [2024-05-15T16:32:40.659Z] <<< [apiv2][status] GET https://firebase.googleapis.com/v1beta1/projects/test-extract-text-ia/adminSdkConfig 200
[debug] [2024-05-15T16:32:40.659Z] <<< [apiv2][body] GET https://firebase.googleapis.com/v1beta1/projects/test-extract-text-ia/adminSdkConfig {"projectId":"test-extract-text-ia","storageBucket":"test-extract-text-ia.appspot.com"}
[debug] [2024-05-15T16:32:40.677Z] Ignoring unsupported arg: auto_download {"metadata":{"emulator":{"name":"ui"},"message":"Ignoring unsupported arg: auto_download"}}
[debug] [2024-05-15T16:32:40.678Z] Ignoring unsupported arg: port {"metadata":{"emulator":{"name":"ui"},"message":"Ignoring unsupported arg: port"}}
[debug] [2024-05-15T16:32:40.678Z] Starting Emulator UI with command {"binary":"node","args":["/Users/bryce/.cache/firebase/emulators/ui-v1.11.7/server/server.js"],"optionalArgs":[],"joinArgs":false} {"metadata":{"emulator":{"name":"ui"},"message":"Starting Emulator UI with command {\"binary\":\"node\",\"args\":[\"/Users/bryce/.cache/firebase/emulators/ui-v1.11.7/server/server.js\"],\"optionalArgs\":[],\"joinArgs\":false}"}}
[info] i  ui: Emulator UI logging to ui-debug.log {"metadata":{"emulator":{"name":"ui"},"message":"Emulator UI logging to \u001b[1mui-debug.log\u001b[22m"}}
[debug] [2024-05-15T16:32:40.751Z] Web / API server started at 127.0.0.1:4000
 {"metadata":{"emulator":{"name":"ui"},"message":"Web / API server started at 127.0.0.1:4000\n"}}
[debug] [2024-05-15T16:32:40.752Z] Web / API server started at ::1:4000
 {"metadata":{"emulator":{"name":"ui"},"message":"Web / API server started at ::1:4000\n"}}
[info] i  functions: Watching "/Users/bryce/private_project_flutter/extract/functions" for Cloud Functions... {"metadata":{"emulator":{"name":"functions"},"message":"Watching \"/Users/bryce/private_project_flutter/extract/functions\" for Cloud Functions..."}}
[debug] [2024-05-15T16:32:40.939Z] Validating nodejs source
[debug] [2024-05-15T16:32:41.759Z] > [functions] package.json contents: {
  "name": "functions",
  "description": "Cloud Functions for Firebase",
  "dependencies": {
    "@google-cloud/vision": "^3.1.4",
    "firebase-admin": "^11.11.1",
    "firebase-functions": "^5.0.1"
  },
  "engines": {
    "node": "14"
  },
  "scripts": {
    "lint": "eslint .",
    "serve": "firebase emulators:start --only functions",
    "shell": "firebase functions:shell",
    "start": "npm run shell",
    "deploy": "firebase deploy --only functions",
    "logs": "firebase functions:log"
  },
  "devDependencies": {
    "eslint": "^7.32.0",
    "eslint-config-google": "^0.14.0",
    "eslint-plugin-import": "^2.25.2"
  },
  "private": true
}
[debug] [2024-05-15T16:32:41.760Z] Building nodejs source
[debug] [2024-05-15T16:32:41.760Z] Failed to find version of module node: reached end of search path /Users/bryce/private_project_flutter/extract/functions/node_modules
[warn] ⚠  functions: Your requested "node" version "14" doesn't match your global version "20". Using node@20 from host. 
[debug] [2024-05-15T16:32:41.761Z] Could not find functions.yaml. Must use http discovery
[debug] [2024-05-15T16:32:41.764Z] Found firebase-functions binary at '/Users/bryce/private_project_flutter/extract/functions/node_modules/.bin/firebase-functions'
[info] Serving at port 8517

[debug] [2024-05-15T16:32:42.701Z] Got response from /__/functions.yaml {"endpoints":{"analyzeImage":{"platform":"gcfv1","availableMemoryMb":null,"timeoutSeconds":null,"minInstances":null,"maxInstances":null,"ingressSettings":null,"serviceAccountEmail":null,"vpc":null,"eventTrigger":{"eventType":"google.storage.object.finalize","eventFilters":{"resource":"projects/_/buckets/test-extract-text-ia.appspot.com"},"retry":false},"labels":{},"entryPoint":"analyzeImage"}},"specVersion":"v1alpha1","requiredAPIs":[]}
[info] ✔  functions: Loaded functions definitions from source: analyzeImage. {"metadata":{"emulator":{"name":"functions"},"message":"Loaded functions definitions from source: analyzeImage."}}
[debug] [2024-05-15T16:32:47.735Z] addStorageTrigger {"eventTrigger":{"eventType":"google.storage.object.finalize","resource":"projects/_/buckets/test-extract-text-ia.appspot.com"}}
[info] ✔  functions[us-central1-analyzeImage]: storage function initialized. {"metadata":{"emulator":{"name":"functions"},"message":"\u001b[1mstorage\u001b[22m function initialized."}}
[info] 
┌─────────────────────────────────────────────────────────────┐
│ ✔  All emulators ready! It is now safe to connect your app. │
│ i  View Emulator UI at http://127.0.0.1:4000/               │
└─────────────────────────────────────────────────────────────┘

┌───────────┬────────────────┬─────────────────────────────────┐
│ Emulator  │ Host:Port      │ View in Emulator UI             │
├───────────┼────────────────┼─────────────────────────────────┤
│ Functions │ 127.0.0.1:5001 │ http://127.0.0.1:4000/functions │
└───────────┴────────────────┴─────────────────────────────────┘
  Emulator Hub running at 127.0.0.1:4400
  Other reserved ports: 4500

Issues? Report them at https://github.com/firebase/firebase-tools/issues and attach the *-debug.log files.
 
[debug] [2024-05-15T16:35:14.840Z] File /Users/bryce/private_project_flutter/extract/functions/index.js changed, reloading triggers {"metadata":{"emulator":{"name":"functions"},"message":"File /Users/bryce/private_project_flutter/extract/functions/index.js changed, reloading triggers"}}
[debug] [2024-05-15T16:35:15.885Z] Validating nodejs source
[debug] [2024-05-15T16:35:16.767Z] > [functions] package.json contents: {
  "name": "functions",
  "description": "Cloud Functions for Firebase",
  "dependencies": {
    "@google-cloud/vision": "^3.1.4",
    "firebase-admin": "^11.11.1",
    "firebase-functions": "^5.0.1"
  },
  "engines": {
    "node": "14"
  },
  "scripts": {
    "lint": "eslint .",
    "serve": "firebase emulators:start --only functions",
    "shell": "firebase functions:shell",
    "start": "npm run shell",
    "deploy": "firebase deploy --only functions",
    "logs": "firebase functions:log"
  },
  "devDependencies": {
    "eslint": "^7.32.0",
    "eslint-config-google": "^0.14.0",
    "eslint-plugin-import": "^2.25.2"
  },
  "private": true
}
[debug] [2024-05-15T16:35:16.768Z] Building nodejs source
[debug] [2024-05-15T16:35:16.768Z] Failed to find version of module node: reached end of search path /Users/bryce/private_project_flutter/extract/functions/node_modules
[warn] ⚠  functions: Your requested "node" version "14" doesn't match your global version "20". Using node@20 from host. 
[debug] [2024-05-15T16:35:16.771Z] Could not find functions.yaml. Must use http discovery
[debug] [2024-05-15T16:35:16.774Z] Found firebase-functions binary at '/Users/bryce/private_project_flutter/extract/functions/node_modules/.bin/firebase-functions'
[info] Serving at port 8419

[error] ReferenceError: test is not defined
    at Object.<anonymous> (/Users/bryce/private_project_flutter/extract/functions/index.js:1:1)
    at Module._compile (node:internal/modules/cjs/loader:1233:14)
    at Module._extensions..js (node:internal/modules/cjs/loader:1287:10)
    at Module.load (node:internal/modules/cjs/loader:1091:32)
    at Module._load (node:internal/modules/cjs/loader:938:12)
    at Module.require (node:internal/modules/cjs/loader:1115:19)
    at require (node:internal/modules/helpers:130:18)
    at loadModule (/Users/bryce/private_project_flutter/extract/functions/node_modules/firebase-functions/lib/runtime/loader.js:40:16)
    at loadStack (/Users/bryce/private_project_flutter/extract/functions/node_modules/firebase-functions/lib/runtime/loader.js:93:23)
    at /Users/bryce/private_project_flutter/extract/functions/node_modules/firebase-functions/lib/bin/firebase-functions.js:56:56

[debug] [2024-05-15T16:35:16.989Z] Got response code 400; body Failed to generate manifest from function source: ReferenceError: test is not defined
[debug] [2024-05-15T16:35:19.807Z] File /Users/bryce/private_project_flutter/extract/functions/index.js changed, reloading triggers {"metadata":{"emulator":{"name":"functions"},"message":"File /Users/bryce/private_project_flutter/extract/functions/index.js changed, reloading triggers"}}
[debug] [2024-05-15T16:35:20.810Z] Validating nodejs source
[debug] [2024-05-15T16:35:21.388Z] > [functions] package.json contents: {
  "name": "functions",
  "description": "Cloud Functions for Firebase",
  "dependencies": {
    "@google-cloud/vision": "^3.1.4",
    "firebase-admin": "^11.11.1",
    "firebase-functions": "^5.0.1"
  },
  "engines": {
    "node": "14"
  },
  "scripts": {
    "lint": "eslint .",
    "serve": "firebase emulators:start --only functions",
    "shell": "firebase functions:shell",
    "start": "npm run shell",
    "deploy": "firebase deploy --only functions",
    "logs": "firebase functions:log"
  },
  "devDependencies": {
    "eslint": "^7.32.0",
    "eslint-config-google": "^0.14.0",
    "eslint-plugin-import": "^2.25.2"
  },
  "private": true
}
[debug] [2024-05-15T16:35:21.390Z] Building nodejs source
[debug] [2024-05-15T16:35:21.390Z] Failed to find version of module node: reached end of search path /Users/bryce/private_project_flutter/extract/functions/node_modules
[warn] ⚠  functions: Your requested "node" version "14" doesn't match your global version "20". Using node@20 from host. 
[debug] [2024-05-15T16:35:21.392Z] Could not find functions.yaml. Must use http discovery
[debug] [2024-05-15T16:35:21.393Z] Found firebase-functions binary at '/Users/bryce/private_project_flutter/extract/functions/node_modules/.bin/firebase-functions'
[info] Serving at port 8526

[debug] [2024-05-15T16:35:21.988Z] Got response from /__/functions.yaml {"endpoints":{"analyzeImageHttp":{"platform":"gcfv1","availableMemoryMb":null,"timeoutSeconds":null,"minInstances":null,"maxInstances":null,"ingressSettings":null,"serviceAccountEmail":null,"vpc":null,"httpsTrigger":{},"entryPoint":"analyzeImageHttp"}},"specVersion":"v1alpha1","requiredAPIs":[]}
[error] ⬢  functions: Failed to load function definition from source: FirebaseError: Functions codebase could not be analyzed successfully. It may have a syntax or runtime error {"metadata":{"emulator":{"name":"functions"},"message":"Failed to load function definition from source: FirebaseError: Functions codebase could not be analyzed successfully. It may have a syntax or runtime error"}}
[info] ✔  functions: Loaded functions definitions from source: analyzeImageHttp. {"metadata":{"emulator":{"name":"functions"},"message":"Loaded functions definitions from source: analyzeImageHttp."}}
[info] ✔  functions[us-central1-analyzeImageHttp]: http function initialized (http://127.0.0.1:5001/test-extract-text-ia/us-central1/analyzeImageHttp). {"metadata":{"emulator":{"name":"functions"},"message":"\u001b[1mhttp\u001b[22m function initialized (http://127.0.0.1:5001/test-extract-text-ia/us-central1/analyzeImageHttp)."}}
[debug] [2024-05-15T16:35:35.062Z] File /Users/bryce/private_project_flutter/extract/functions/index.js changed, reloading triggers {"metadata":{"emulator":{"name":"functions"},"message":"File /Users/bryce/private_project_flutter/extract/functions/index.js changed, reloading triggers"}}
[debug] [2024-05-15T16:35:36.065Z] Validating nodejs source
[debug] [2024-05-15T16:35:36.722Z] > [functions] package.json contents: {
  "name": "functions",
  "description": "Cloud Functions for Firebase",
  "dependencies": {
    "@google-cloud/vision": "^3.1.4",
    "firebase-admin": "^11.11.1",
    "firebase-functions": "^5.0.1"
  },
  "engines": {
    "node": "14"
  },
  "scripts": {
    "lint": "eslint .",
    "serve": "firebase emulators:start --only functions",
    "shell": "firebase functions:shell",
    "start": "npm run shell",
    "deploy": "firebase deploy --only functions",
    "logs": "firebase functions:log"
  },
  "devDependencies": {
    "eslint": "^7.32.0",
    "eslint-config-google": "^0.14.0",
    "eslint-plugin-import": "^2.25.2"
  },
  "private": true
}
[debug] [2024-05-15T16:35:36.723Z] Building nodejs source
[debug] [2024-05-15T16:35:36.723Z] Failed to find version of module node: reached end of search path /Users/bryce/private_project_flutter/extract/functions/node_modules
[warn] ⚠  functions: Your requested "node" version "14" doesn't match your global version "20". Using node@20 from host. 
[debug] [2024-05-15T16:35:36.724Z] Could not find functions.yaml. Must use http discovery
[debug] [2024-05-15T16:35:36.725Z] Found firebase-functions binary at '/Users/bryce/private_project_flutter/extract/functions/node_modules/.bin/firebase-functions'
[info] Serving at port 8382

[error] /Users/bryce/private_project_flutter/extract/functions/index.js:30
const functions = require("firebase-functions");
      ^

SyntaxError: Identifier 'functions' has already been declared
    at internalCompileFunction (node:internal/vm:73:18)
    at wrapSafe (node:internal/modules/cjs/loader:1153:20)
    at Module._compile (node:internal/modules/cjs/loader:1197:27)
    at Module._extensions..js (node:internal/modules/cjs/loader:1287:10)
    at Module.load (node:internal/modules/cjs/loader:1091:32)
    at Module._load (node:internal/modules/cjs/loader:938:12)
    at Module.require (node:internal/modules/cjs/loader:1115:19)
    at require (node:internal/modules/helpers:130:18)
    at loadModule (/Users/bryce/private_project_flutter/extract/functions/node_modules/firebase-functions/lib/runtime/loader.js:40:16)
    at loadStack (/Users/bryce/private_project_flutter/extract/functions/node_modules/firebase-functions/lib/runtime/loader.js:93:23)

[debug] [2024-05-15T16:35:36.844Z] Got response code 400; body Failed to generate manifest from function source: SyntaxError: Identifier 'functions' has already been declared
[error] ⬢  functions: Failed to load function definition from source: FirebaseError: Functions codebase could not be analyzed successfully. It may have a syntax or runtime error {"metadata":{"emulator":{"name":"functions"},"message":"Failed to load function definition from source: FirebaseError: Functions codebase could not be analyzed successfully. It may have a syntax or runtime error"}}
[debug] [2024-05-15T16:35:53.848Z] File /Users/bryce/private_project_flutter/extract/functions/index.js changed, reloading triggers {"metadata":{"emulator":{"name":"functions"},"message":"File /Users/bryce/private_project_flutter/extract/functions/index.js changed, reloading triggers"}}
[debug] [2024-05-15T16:35:54.854Z] Validating nodejs source
[debug] [2024-05-15T16:35:55.505Z] > [functions] package.json contents: {
  "name": "functions",
  "description": "Cloud Functions for Firebase",
  "dependencies": {
    "@google-cloud/vision": "^3.1.4",
    "firebase-admin": "^11.11.1",
    "firebase-functions": "^5.0.1"
  },
  "engines": {
    "node": "14"
  },
  "scripts": {
    "lint": "eslint .",
    "serve": "firebase emulators:start --only functions",
    "shell": "firebase functions:shell",
    "start": "npm run shell",
    "deploy": "firebase deploy --only functions",
    "logs": "firebase functions:log"
  },
  "devDependencies": {
    "eslint": "^7.32.0",
    "eslint-config-google": "^0.14.0",
    "eslint-plugin-import": "^2.25.2"
  },
  "private": true
}
[debug] [2024-05-15T16:35:55.505Z] Building nodejs source
[debug] [2024-05-15T16:35:55.505Z] Failed to find version of module node: reached end of search path /Users/bryce/private_project_flutter/extract/functions/node_modules
[warn] ⚠  functions: Your requested "node" version "14" doesn't match your global version "20". Using node@20 from host. 
[debug] [2024-05-15T16:35:55.506Z] Could not find functions.yaml. Must use http discovery
[debug] [2024-05-15T16:35:55.508Z] Found firebase-functions binary at '/Users/bryce/private_project_flutter/extract/functions/node_modules/.bin/firebase-functions'
[info] Serving at port 8626

[debug] [2024-05-15T16:35:55.976Z] Got response from /__/functions.yaml {"endpoints":{"analyzeImage":{"platform":"gcfv1","availableMemoryMb":null,"timeoutSeconds":null,"minInstances":null,"maxInstances":null,"ingressSettings":null,"serviceAccountEmail":null,"vpc":null,"eventTrigger":{"eventType":"google.storage.object.finalize","eventFilters":{"resource":"projects/_/buckets/test-extract-text-ia.appspot.com"},"retry":false},"labels":{},"entryPoint":"analyzeImage"},"analyzeImageHttp":{"platform":"gcfv1","availableMemoryMb":null,"timeoutSeconds":null,"minInstances":null,"maxInstances":null,"ingressSettings":null,"serviceAccountEmail":null,"vpc":null,"httpsTrigger":{},"entryPoint":"analyzeImageHttp"}},"specVersion":"v1alpha1","requiredAPIs":[]}
[info] ✔  functions: Loaded functions definitions from source: analyzeImage, analyzeImageHttp. {"metadata":{"emulator":{"name":"functions"},"message":"Loaded functions definitions from source: analyzeImage, analyzeImageHttp."}}
[debug] [2024-05-15T16:40:20.900Z] [work-queue] {"queuedWork":["/test-extract-text-ia/us-central1/analyzeImageHttp-2024-05-15T16:40:20.896Z"],"queueLength":1,"runningWork":[],"workRunningCount":0}
[debug] [2024-05-15T16:40:20.902Z] [work-queue] {"queuedWork":[],"queueLength":0,"runningWork":["/test-extract-text-ia/us-central1/analyzeImageHttp-2024-05-15T16:40:20.896Z"],"workRunningCount":1}
[debug] [2024-05-15T16:40:20.906Z] Accepted request POST /test-extract-text-ia/us-central1/analyzeImageHttp --> us-central1-analyzeImageHttp
[debug] [2024-05-15T16:40:20.937Z] [functions] Runtime ready! Sending request! {"metadata":{"emulator":{"name":"functions"},"message":"[functions] Runtime ready! Sending request!"}}
[debug] [2024-05-15T16:40:20.939Z] [functions] Got req.url=/test-extract-text-ia/us-central1/analyzeImageHttp, mapping to path=/ {"metadata":{"emulator":{"name":"functions"},"message":"[functions] Got req.url=/test-extract-text-ia/us-central1/analyzeImageHttp, mapping to path=/"}}
[debug] [2024-05-15T16:40:20.951Z] [worker-pool] addWorker(us-central1-analyzeImageHttp) {"metadata":{"emulator":{"name":"functions"},"message":"[worker-pool] addWorker(us-central1-analyzeImageHttp)"}}
[debug] [2024-05-15T16:40:20.953Z] [worker-pool] Adding worker with key us-central1-analyzeImageHttp, total=1 {"metadata":{"emulator":{"name":"functions"},"message":"[worker-pool] Adding worker with key us-central1-analyzeImageHttp, total=1"}}
[debug] [2024-05-15T16:40:21.659Z] [runtime-status] [63035] Resolved module firebase-admin {"declared":true,"installed":true,"version":"11.11.1","resolution":"/Users/bryce/private_project_flutter/extract/functions/node_modules/firebase-admin/lib/index.js"} {"metadata":{"emulator":{"name":"functions"},"function":{"name":"us-central1-analyzeImageHttp"},"extension":{},"message":"[runtime-status] [63035] Resolved module firebase-admin {\"declared\":true,\"installed\":true,\"version\":\"11.11.1\",\"resolution\":\"/Users/bryce/private_project_flutter/extract/functions/node_modules/firebase-admin/lib/index.js\"}"}}
[debug] [2024-05-15T16:40:21.659Z] [runtime-status] [63035] Resolved module firebase-functions {"declared":true,"installed":true,"version":"5.0.1","resolution":"/Users/bryce/private_project_flutter/extract/functions/node_modules/firebase-functions/lib/v1/index.js"} {"metadata":{"emulator":{"name":"functions"},"function":{"name":"us-central1-analyzeImageHttp"},"extension":{},"message":"[runtime-status] [63035] Resolved module firebase-functions {\"declared\":true,\"installed\":true,\"version\":\"5.0.1\",\"resolution\":\"/Users/bryce/private_project_flutter/extract/functions/node_modules/firebase-functions/lib/v1/index.js\"}"}}
[debug] [2024-05-15T16:40:21.659Z] [runtime-status] [63035] Outgoing network have been stubbed. [{"name":"http","status":"mocked"},{"name":"http","status":"mocked"},{"name":"https","status":"mocked"},{"name":"https","status":"mocked"},{"name":"net","status":"mocked"}] {"metadata":{"emulator":{"name":"functions"},"function":{"name":"us-central1-analyzeImageHttp"},"extension":{},"message":"[runtime-status] [63035] Outgoing network have been stubbed. [{\"name\":\"http\",\"status\":\"mocked\"},{\"name\":\"http\",\"status\":\"mocked\"},{\"name\":\"https\",\"status\":\"mocked\"},{\"name\":\"https\",\"status\":\"mocked\"},{\"name\":\"net\",\"status\":\"mocked\"}]"}}
[debug] [2024-05-15T16:40:21.659Z] [runtime-status] [63035] Resolved module firebase-functions {"declared":true,"installed":true,"version":"5.0.1","resolution":"/Users/bryce/private_project_flutter/extract/functions/node_modules/firebase-functions/lib/v1/index.js"} {"metadata":{"emulator":{"name":"functions"},"function":{"name":"us-central1-analyzeImageHttp"},"extension":{},"message":"[runtime-status] [63035] Resolved module firebase-functions {\"declared\":true,\"installed\":true,\"version\":\"5.0.1\",\"resolution\":\"/Users/bryce/private_project_flutter/extract/functions/node_modules/firebase-functions/lib/v1/index.js\"}"}}
[debug] [2024-05-15T16:40:21.785Z] [runtime-status] [63035] Checked functions.config() {"config":{}} {"metadata":{"emulator":{"name":"functions"},"function":{"name":"us-central1-analyzeImageHttp"},"extension":{},"message":"[runtime-status] [63035] Checked functions.config() {\"config\":{}}"}}
[debug] [2024-05-15T16:40:21.785Z] [runtime-status] [63035] firebase-functions has been stubbed. {"functionsResolution":{"declared":true,"installed":true,"version":"5.0.1","resolution":"/Users/bryce/private_project_flutter/extract/functions/node_modules/firebase-functions/lib/v1/index.js"}} {"metadata":{"emulator":{"name":"functions"},"function":{"name":"us-central1-analyzeImageHttp"},"extension":{},"message":"[runtime-status] [63035] firebase-functions has been stubbed. {\"functionsResolution\":{\"declared\":true,\"installed\":true,\"version\":\"5.0.1\",\"resolution\":\"/Users/bryce/private_project_flutter/extract/functions/node_modules/firebase-functions/lib/v1/index.js\"}}"}}
[debug] [2024-05-15T16:40:21.785Z] [runtime-status] [63035] Resolved module firebase-functions {"declared":true,"installed":true,"version":"5.0.1","resolution":"/Users/bryce/private_project_flutter/extract/functions/node_modules/firebase-functions/lib/v1/index.js"} {"metadata":{"emulator":{"name":"functions"},"function":{"name":"us-central1-analyzeImageHttp"},"extension":{},"message":"[runtime-status] [63035] Resolved module firebase-functions {\"declared\":true,\"installed\":true,\"version\":\"5.0.1\",\"resolution\":\"/Users/bryce/private_project_flutter/extract/functions/node_modules/firebase-functions/lib/v1/index.js\"}"}}
[debug] [2024-05-15T16:40:21.785Z] [runtime-status] [63035] Resolved module firebase-admin {"declared":true,"installed":true,"version":"11.11.1","resolution":"/Users/bryce/private_project_flutter/extract/functions/node_modules/firebase-admin/lib/index.js"} {"metadata":{"emulator":{"name":"functions"},"function":{"name":"us-central1-analyzeImageHttp"},"extension":{},"message":"[runtime-status] [63035] Resolved module firebase-admin {\"declared\":true,\"installed\":true,\"version\":\"11.11.1\",\"resolution\":\"/Users/bryce/private_project_flutter/extract/functions/node_modules/firebase-admin/lib/index.js\"}"}}
[debug] [2024-05-15T16:40:21.786Z] [runtime-status] [63035] Resolved module firebase-functions {"declared":true,"installed":true,"version":"5.0.1","resolution":"/Users/bryce/private_project_flutter/extract/functions/node_modules/firebase-functions/lib/v1/index.js"} {"metadata":{"emulator":{"name":"functions"},"function":{"name":"us-central1-analyzeImageHttp"},"extension":{},"message":"[runtime-status] [63035] Resolved module firebase-functions {\"declared\":true,\"installed\":true,\"version\":\"5.0.1\",\"resolution\":\"/Users/bryce/private_project_flutter/extract/functions/node_modules/firebase-functions/lib/v1/index.js\"}"}}
[debug] [2024-05-15T16:40:21.786Z] [runtime-status] [63035] firebase-admin has been stubbed. {"adminResolution":{"declared":true,"installed":true,"version":"11.11.1","resolution":"/Users/bryce/private_project_flutter/extract/functions/node_modules/firebase-admin/lib/index.js"}} {"metadata":{"emulator":{"name":"functions"},"function":{"name":"us-central1-analyzeImageHttp"},"extension":{},"message":"[runtime-status] [63035] firebase-admin has been stubbed. {\"adminResolution\":{\"declared\":true,\"installed\":true,\"version\":\"11.11.1\",\"resolution\":\"/Users/bryce/private_project_flutter/extract/functions/node_modules/firebase-admin/lib/index.js\"}}"}}
[debug] [2024-05-15T16:40:21.966Z] [runtime-status] [63035] initializeApp(DEFAULT) {"storageBucket":"test-extract-text-ia.appspot.com","projectId":"test-extract-text-ia"} {"metadata":{"emulator":{"name":"functions"},"function":{"name":"us-central1-analyzeImageHttp"},"extension":{},"message":"[runtime-status] [63035] initializeApp(DEFAULT) {\"storageBucket\":\"test-extract-text-ia.appspot.com\",\"projectId\":\"test-extract-text-ia\"}"}}
[debug] [2024-05-15T16:40:22.061Z] [runtime-status] [63035] Functions runtime initialized. {"cwd":"/Users/bryce/private_project_flutter/extract/functions","node_version":"20.5.1"} {"metadata":{"emulator":{"name":"functions"},"function":{"name":"us-central1-analyzeImageHttp"},"extension":{},"message":"[runtime-status] [63035] Functions runtime initialized. {\"cwd\":\"/Users/bryce/private_project_flutter/extract/functions\",\"node_version\":\"20.5.1\"}"}}
[debug] [2024-05-15T16:40:22.061Z] [runtime-status] [63035] Listening to port: /var/folders/fm/gc1qxgp56b5f29_xml5kvbhr0000gp/T/fire_emu_de19b1f331938dad.sock {"metadata":{"emulator":{"name":"functions"},"function":{"name":"us-central1-analyzeImageHttp"},"extension":{},"message":"[runtime-status] [63035] Listening to port: /var/folders/fm/gc1qxgp56b5f29_xml5kvbhr0000gp/T/fire_emu_de19b1f331938dad.sock"}}
[debug] [2024-05-15T16:40:22.079Z] [worker-us-central1-analyzeImageHttp-61516002-7f74-400b-82e0-d27d321ae4cd]: IDLE {"metadata":{"emulator":{"name":"functions"},"function":{"name":"us-central1-analyzeImageHttp"},"extension":{},"message":"[worker-us-central1-analyzeImageHttp-61516002-7f74-400b-82e0-d27d321ae4cd]: IDLE"}}
[debug] [2024-05-15T16:40:22.080Z] [worker-pool] submitRequest(triggerId=us-central1-analyzeImageHttp) {"metadata":{"emulator":{"name":"functions"},"message":"[worker-pool] submitRequest(triggerId=us-central1-analyzeImageHttp)"}}
[info] i  functions: Beginning execution of "us-central1-analyzeImageHttp" {"metadata":{"emulator":{"name":"functions"},"function":{"name":"us-central1-analyzeImageHttp"},"extension":{},"message":"Beginning execution of \"us-central1-analyzeImageHttp\""}}
[debug] [2024-05-15T16:40:22.081Z] [worker-us-central1-analyzeImageHttp-61516002-7f74-400b-82e0-d27d321ae4cd]: BUSY {"metadata":{"emulator":{"name":"functions"},"function":{"name":"us-central1-analyzeImageHttp"},"extension":{},"message":"[worker-us-central1-analyzeImageHttp-61516002-7f74-400b-82e0-d27d321ae4cd]: BUSY"}}
[warn] ⚠  Google API requested!
   - URL: "https://oauth2.googleapis.com/token"
   - Be careful, this may be a production service. {"metadata":{"emulator":{"name":"functions"},"function":{"name":"us-central1-analyzeImageHttp"},"extension":{},"message":"Google API requested!\n   - URL: \"https://oauth2.googleapis.com/token\"\n   - Be careful, this may be a production service."}}
[debug] [2024-05-15T16:40:24.618Z] Finishing up request with event=pause {"metadata":{"emulator":{"name":"functions"},"function":{"name":"us-central1-analyzeImageHttp"},"extension":{},"message":"Finishing up request with event=pause"}}
[info] i  functions: Finished "us-central1-analyzeImageHttp" in 2536.709916ms {"metadata":{"emulator":{"name":"functions"},"function":{"name":"us-central1-analyzeImageHttp"},"extension":{},"message":"Finished \"us-central1-analyzeImageHttp\" in 2536.709916ms"}}
[debug] [2024-05-15T16:40:24.619Z] [worker-us-central1-analyzeImageHttp-61516002-7f74-400b-82e0-d27d321ae4cd]: IDLE {"metadata":{"emulator":{"name":"functions"},"function":{"name":"us-central1-analyzeImageHttp"},"extension":{},"message":"[worker-us-central1-analyzeImageHttp-61516002-7f74-400b-82e0-d27d321ae4cd]: IDLE"}}
[debug] [2024-05-15T16:40:24.619Z] Finishing up request with event=finish {"metadata":{"emulator":{"name":"functions"},"function":{"name":"us-central1-analyzeImageHttp"},"extension":{},"message":"Finishing up request with event=finish"}}
[debug] [2024-05-15T16:40:24.619Z] Finishing up request with event=close {"metadata":{"emulator":{"name":"functions"},"function":{"name":"us-central1-analyzeImageHttp"},"extension":{},"message":"Finishing up request with event=close"}}
[debug] [2024-05-15T16:40:24.619Z] [work-queue] {"queuedWork":[],"queueLength":0,"runningWork":[],"workRunningCount":0}
[debug] [2024-05-15T16:42:28.368Z] File /Users/bryce/private_project_flutter/extract/functions/index.js changed, reloading triggers {"metadata":{"emulator":{"name":"functions"},"message":"File /Users/bryce/private_project_flutter/extract/functions/index.js changed, reloading triggers"}}
[debug] [2024-05-15T16:42:29.379Z] Validating nodejs source
[debug] [2024-05-15T16:42:30.283Z] > [functions] package.json contents: {
  "name": "functions",
  "description": "Cloud Functions for Firebase",
  "dependencies": {
    "@google-cloud/vision": "^3.1.4",
    "firebase-admin": "^11.11.1",
    "firebase-functions": "^5.0.1"
  },
  "engines": {
    "node": "14"
  },
  "scripts": {
    "lint": "eslint .",
    "serve": "firebase emulators:start --only functions",
    "shell": "firebase functions:shell",
    "start": "npm run shell",
    "deploy": "firebase deploy --only functions",
    "logs": "firebase functions:log"
  },
  "devDependencies": {
    "eslint": "^7.32.0",
    "eslint-config-google": "^0.14.0",
    "eslint-plugin-import": "^2.25.2"
  },
  "private": true
}
[debug] [2024-05-15T16:42:30.283Z] Building nodejs source
[debug] [2024-05-15T16:42:30.284Z] Failed to find version of module node: reached end of search path /Users/bryce/private_project_flutter/extract/functions/node_modules
[warn] ⚠  functions: Your requested "node" version "14" doesn't match your global version "20". Using node@20 from host. 
[debug] [2024-05-15T16:42:30.287Z] Could not find functions.yaml. Must use http discovery
[debug] [2024-05-15T16:42:30.291Z] Found firebase-functions binary at '/Users/bryce/private_project_flutter/extract/functions/node_modules/.bin/firebase-functions'
[info] Serving at port 8770

[debug] [2024-05-15T16:42:30.855Z] Got response from /__/functions.yaml {"endpoints":{"analyzeImage":{"platform":"gcfv1","availableMemoryMb":null,"timeoutSeconds":null,"minInstances":null,"maxInstances":null,"ingressSettings":null,"serviceAccountEmail":null,"vpc":null,"eventTrigger":{"eventType":"google.storage.object.finalize","eventFilters":{"resource":"projects/_/buckets/test-extract-text-ia.appspot.com"},"retry":false},"labels":{},"entryPoint":"analyzeImage"},"analyzeImageHttp":{"platform":"gcfv1","availableMemoryMb":null,"timeoutSeconds":null,"minInstances":null,"maxInstances":null,"ingressSettings":null,"serviceAccountEmail":null,"vpc":null,"httpsTrigger":{},"entryPoint":"analyzeImageHttp"}},"specVersion":"v1alpha1","requiredAPIs":[]}
[debug] [2024-05-15T16:42:33.980Z] [work-queue] {"queuedWork":["/test-extract-text-ia/us-central1/analyzeImageHttp-2024-05-15T16:42:33.980Z"],"queueLength":1,"runningWork":[],"workRunningCount":0}
[debug] [2024-05-15T16:42:33.981Z] [work-queue] {"queuedWork":[],"queueLength":0,"runningWork":["/test-extract-text-ia/us-central1/analyzeImageHttp-2024-05-15T16:42:33.980Z"],"workRunningCount":1}
[debug] [2024-05-15T16:42:33.981Z] Accepted request POST /test-extract-text-ia/us-central1/analyzeImageHttp --> us-central1-analyzeImageHttp
[debug] [2024-05-15T16:42:33.990Z] [functions] Runtime ready! Sending request! {"metadata":{"emulator":{"name":"functions"},"message":"[functions] Runtime ready! Sending request!"}}
[debug] [2024-05-15T16:42:33.990Z] [functions] Got req.url=/test-extract-text-ia/us-central1/analyzeImageHttp, mapping to path=/ {"metadata":{"emulator":{"name":"functions"},"message":"[functions] Got req.url=/test-extract-text-ia/us-central1/analyzeImageHttp, mapping to path=/"}}
[debug] [2024-05-15T16:42:33.990Z] [worker-pool] submitRequest(triggerId=us-central1-analyzeImageHttp) {"metadata":{"emulator":{"name":"functions"},"message":"[worker-pool] submitRequest(triggerId=us-central1-analyzeImageHttp)"}}
[info] i  functions: Beginning execution of "us-central1-analyzeImageHttp" {"metadata":{"emulator":{"name":"functions"},"function":{"name":"us-central1-analyzeImageHttp"},"extension":{},"message":"Beginning execution of \"us-central1-analyzeImageHttp\""}}
[debug] [2024-05-15T16:42:33.991Z] [worker-us-central1-analyzeImageHttp-61516002-7f74-400b-82e0-d27d321ae4cd]: BUSY {"metadata":{"emulator":{"name":"functions"},"function":{"name":"us-central1-analyzeImageHttp"},"extension":{},"message":"[worker-us-central1-analyzeImageHttp-61516002-7f74-400b-82e0-d27d321ae4cd]: BUSY"}}
[debug] [2024-05-15T16:42:35.287Z] Finishing up request with event=pause {"metadata":{"emulator":{"name":"functions"},"function":{"name":"us-central1-analyzeImageHttp"},"extension":{},"message":"Finishing up request with event=pause"}}
[info] i  functions: Finished "us-central1-analyzeImageHttp" in 1297.231334ms {"metadata":{"emulator":{"name":"functions"},"function":{"name":"us-central1-analyzeImageHttp"},"extension":{},"message":"Finished \"us-central1-analyzeImageHttp\" in 1297.231334ms"}}
[debug] [2024-05-15T16:42:35.290Z] [worker-us-central1-analyzeImageHttp-61516002-7f74-400b-82e0-d27d321ae4cd]: IDLE {"metadata":{"emulator":{"name":"functions"},"function":{"name":"us-central1-analyzeImageHttp"},"extension":{},"message":"[worker-us-central1-analyzeImageHttp-61516002-7f74-400b-82e0-d27d321ae4cd]: IDLE"}}
[debug] [2024-05-15T16:42:35.290Z] Finishing up request with event=finish {"metadata":{"emulator":{"name":"functions"},"function":{"name":"us-central1-analyzeImageHttp"},"extension":{},"message":"Finishing up request with event=finish"}}
[debug] [2024-05-15T16:42:35.290Z] Finishing up request with event=close {"metadata":{"emulator":{"name":"functions"},"function":{"name":"us-central1-analyzeImageHttp"},"extension":{},"message":"Finishing up request with event=close"}}
[debug] [2024-05-15T16:42:35.290Z] [work-queue] {"queuedWork":[],"queueLength":0,"runningWork":[],"workRunningCount":0}
[info] ✔  functions: Loaded functions definitions from source: analyzeImage, analyzeImageHttp. {"metadata":{"emulator":{"name":"functions"},"message":"Loaded functions definitions from source: analyzeImage, analyzeImageHttp."}}
[debug] [2024-05-15T16:42:35.888Z] [worker-pool] Shutting down IDLE worker (us-central1-analyzeImageHttp) {"metadata":{"emulator":{"name":"functions"},"message":"[worker-pool] Shutting down IDLE worker (us-central1-analyzeImageHttp)"}}
[debug] [2024-05-15T16:42:35.888Z] [worker-us-central1-analyzeImageHttp-61516002-7f74-400b-82e0-d27d321ae4cd]: FINISHING {"metadata":{"emulator":{"name":"functions"},"function":{"name":"us-central1-analyzeImageHttp"},"extension":{},"message":"[worker-us-central1-analyzeImageHttp-61516002-7f74-400b-82e0-d27d321ae4cd]: FINISHING"}}
[debug] [2024-05-15T16:42:35.898Z] [worker-us-central1-analyzeImageHttp-61516002-7f74-400b-82e0-d27d321ae4cd]: exited {"metadata":{"emulator":{"name":"functions"},"function":{"name":"us-central1-analyzeImageHttp"},"extension":{},"message":"[worker-us-central1-analyzeImageHttp-61516002-7f74-400b-82e0-d27d321ae4cd]: exited"}}
[debug] [2024-05-15T16:42:35.898Z] [worker-us-central1-analyzeImageHttp-61516002-7f74-400b-82e0-d27d321ae4cd]: FINISHED {"metadata":{"emulator":{"name":"functions"},"function":{"name":"us-central1-analyzeImageHttp"},"extension":{},"message":"[worker-us-central1-analyzeImageHttp-61516002-7f74-400b-82e0-d27d321ae4cd]: FINISHED"}}
[debug] [2024-05-15T16:42:40.310Z] [work-queue] {"queuedWork":["/test-extract-text-ia/us-central1/analyzeImageHttp-2024-05-15T16:42:40.310Z"],"queueLength":1,"runningWork":[],"workRunningCount":0}
[debug] [2024-05-15T16:42:40.310Z] [work-queue] {"queuedWork":[],"queueLength":0,"runningWork":["/test-extract-text-ia/us-central1/analyzeImageHttp-2024-05-15T16:42:40.310Z"],"workRunningCount":1}
[debug] [2024-05-15T16:42:40.310Z] Accepted request POST /test-extract-text-ia/us-central1/analyzeImageHttp --> us-central1-analyzeImageHttp
[debug] [2024-05-15T16:42:40.315Z] [functions] Runtime ready! Sending request! {"metadata":{"emulator":{"name":"functions"},"message":"[functions] Runtime ready! Sending request!"}}
[debug] [2024-05-15T16:42:40.315Z] [functions] Got req.url=/test-extract-text-ia/us-central1/analyzeImageHttp, mapping to path=/ {"metadata":{"emulator":{"name":"functions"},"message":"[functions] Got req.url=/test-extract-text-ia/us-central1/analyzeImageHttp, mapping to path=/"}}
[debug] [2024-05-15T16:42:40.315Z] [worker-pool] Cleaned up workers for us-central1-analyzeImageHttp: 1 --> 0 {"metadata":{"emulator":{"name":"functions"},"message":"[worker-pool] Cleaned up workers for us-central1-analyzeImageHttp: 1 --> 0"}}
[debug] [2024-05-15T16:42:40.318Z] [worker-pool] addWorker(us-central1-analyzeImageHttp) {"metadata":{"emulator":{"name":"functions"},"message":"[worker-pool] addWorker(us-central1-analyzeImageHttp)"}}
[debug] [2024-05-15T16:42:40.318Z] [worker-pool] Adding worker with key us-central1-analyzeImageHttp, total=1 {"metadata":{"emulator":{"name":"functions"},"message":"[worker-pool] Adding worker with key us-central1-analyzeImageHttp, total=1"}}
[debug] [2024-05-15T16:42:40.992Z] [runtime-status] [63787] Resolved module firebase-admin {"declared":true,"installed":true,"version":"11.11.1","resolution":"/Users/bryce/private_project_flutter/extract/functions/node_modules/firebase-admin/lib/index.js"} {"metadata":{"emulator":{"name":"functions"},"function":{"name":"us-central1-analyzeImageHttp"},"extension":{},"message":"[runtime-status] [63787] Resolved module firebase-admin {\"declared\":true,\"installed\":true,\"version\":\"11.11.1\",\"resolution\":\"/Users/bryce/private_project_flutter/extract/functions/node_modules/firebase-admin/lib/index.js\"}"}}
[debug] [2024-05-15T16:42:40.993Z] [runtime-status] [63787] Resolved module firebase-functions {"declared":true,"installed":true,"version":"5.0.1","resolution":"/Users/bryce/private_project_flutter/extract/functions/node_modules/firebase-functions/lib/v1/index.js"} {"metadata":{"emulator":{"name":"functions"},"function":{"name":"us-central1-analyzeImageHttp"},"extension":{},"message":"[runtime-status] [63787] Resolved module firebase-functions {\"declared\":true,\"installed\":true,\"version\":\"5.0.1\",\"resolution\":\"/Users/bryce/private_project_flutter/extract/functions/node_modules/firebase-functions/lib/v1/index.js\"}"}}
[debug] [2024-05-15T16:42:40.993Z] [runtime-status] [63787] Outgoing network have been stubbed. [{"name":"http","status":"mocked"},{"name":"http","status":"mocked"},{"name":"https","status":"mocked"},{"name":"https","status":"mocked"},{"name":"net","status":"mocked"}] {"metadata":{"emulator":{"name":"functions"},"function":{"name":"us-central1-analyzeImageHttp"},"extension":{},"message":"[runtime-status] [63787] Outgoing network have been stubbed. [{\"name\":\"http\",\"status\":\"mocked\"},{\"name\":\"http\",\"status\":\"mocked\"},{\"name\":\"https\",\"status\":\"mocked\"},{\"name\":\"https\",\"status\":\"mocked\"},{\"name\":\"net\",\"status\":\"mocked\"}]"}}
[debug] [2024-05-15T16:42:40.993Z] [runtime-status] [63787] Resolved module firebase-functions {"declared":true,"installed":true,"version":"5.0.1","resolution":"/Users/bryce/private_project_flutter/extract/functions/node_modules/firebase-functions/lib/v1/index.js"} {"metadata":{"emulator":{"name":"functions"},"function":{"name":"us-central1-analyzeImageHttp"},"extension":{},"message":"[runtime-status] [63787] Resolved module firebase-functions {\"declared\":true,\"installed\":true,\"version\":\"5.0.1\",\"resolution\":\"/Users/bryce/private_project_flutter/extract/functions/node_modules/firebase-functions/lib/v1/index.js\"}"}}
[debug] [2024-05-15T16:42:41.103Z] [runtime-status] [63787] Checked functions.config() {"config":{}} {"metadata":{"emulator":{"name":"functions"},"function":{"name":"us-central1-analyzeImageHttp"},"extension":{},"message":"[runtime-status] [63787] Checked functions.config() {\"config\":{}}"}}
[debug] [2024-05-15T16:42:41.104Z] [runtime-status] [63787] firebase-functions has been stubbed. {"functionsResolution":{"declared":true,"installed":true,"version":"5.0.1","resolution":"/Users/bryce/private_project_flutter/extract/functions/node_modules/firebase-functions/lib/v1/index.js"}} {"metadata":{"emulator":{"name":"functions"},"function":{"name":"us-central1-analyzeImageHttp"},"extension":{},"message":"[runtime-status] [63787] firebase-functions has been stubbed. {\"functionsResolution\":{\"declared\":true,\"installed\":true,\"version\":\"5.0.1\",\"resolution\":\"/Users/bryce/private_project_flutter/extract/functions/node_modules/firebase-functions/lib/v1/index.js\"}}"}}
[debug] [2024-05-15T16:42:41.104Z] [runtime-status] [63787] Resolved module firebase-functions {"declared":true,"installed":true,"version":"5.0.1","resolution":"/Users/bryce/private_project_flutter/extract/functions/node_modules/firebase-functions/lib/v1/index.js"} {"metadata":{"emulator":{"name":"functions"},"function":{"name":"us-central1-analyzeImageHttp"},"extension":{},"message":"[runtime-status] [63787] Resolved module firebase-functions {\"declared\":true,\"installed\":true,\"version\":\"5.0.1\",\"resolution\":\"/Users/bryce/private_project_flutter/extract/functions/node_modules/firebase-functions/lib/v1/index.js\"}"}}
[debug] [2024-05-15T16:42:41.104Z] [runtime-status] [63787] Resolved module firebase-admin {"declared":true,"installed":true,"version":"11.11.1","resolution":"/Users/bryce/private_project_flutter/extract/functions/node_modules/firebase-admin/lib/index.js"} {"metadata":{"emulator":{"name":"functions"},"function":{"name":"us-central1-analyzeImageHttp"},"extension":{},"message":"[runtime-status] [63787] Resolved module firebase-admin {\"declared\":true,\"installed\":true,\"version\":\"11.11.1\",\"resolution\":\"/Users/bryce/private_project_flutter/extract/functions/node_modules/firebase-admin/lib/index.js\"}"}}
[debug] [2024-05-15T16:42:41.104Z] [runtime-status] [63787] Resolved module firebase-functions {"declared":true,"installed":true,"version":"5.0.1","resolution":"/Users/bryce/private_project_flutter/extract/functions/node_modules/firebase-functions/lib/v1/index.js"} {"metadata":{"emulator":{"name":"functions"},"function":{"name":"us-central1-analyzeImageHttp"},"extension":{},"message":"[runtime-status] [63787] Resolved module firebase-functions {\"declared\":true,\"installed\":true,\"version\":\"5.0.1\",\"resolution\":\"/Users/bryce/private_project_flutter/extract/functions/node_modules/firebase-functions/lib/v1/index.js\"}"}}
[debug] [2024-05-15T16:42:41.104Z] [runtime-status] [63787] firebase-admin has been stubbed. {"adminResolution":{"declared":true,"installed":true,"version":"11.11.1","resolution":"/Users/bryce/private_project_flutter/extract/functions/node_modules/firebase-admin/lib/index.js"}} {"metadata":{"emulator":{"name":"functions"},"function":{"name":"us-central1-analyzeImageHttp"},"extension":{},"message":"[runtime-status] [63787] firebase-admin has been stubbed. {\"adminResolution\":{\"declared\":true,\"installed\":true,\"version\":\"11.11.1\",\"resolution\":\"/Users/bryce/private_project_flutter/extract/functions/node_modules/firebase-admin/lib/index.js\"}}"}}
[debug] [2024-05-15T16:42:41.270Z] [runtime-status] [63787] initializeApp(DEFAULT) {"storageBucket":"test-extract-text-ia.appspot.com","projectId":"test-extract-text-ia"} {"metadata":{"emulator":{"name":"functions"},"function":{"name":"us-central1-analyzeImageHttp"},"extension":{},"message":"[runtime-status] [63787] initializeApp(DEFAULT) {\"storageBucket\":\"test-extract-text-ia.appspot.com\",\"projectId\":\"test-extract-text-ia\"}"}}
[debug] [2024-05-15T16:42:41.347Z] [runtime-status] [63787] Functions runtime initialized. {"cwd":"/Users/bryce/private_project_flutter/extract/functions","node_version":"20.5.1"} {"metadata":{"emulator":{"name":"functions"},"function":{"name":"us-central1-analyzeImageHttp"},"extension":{},"message":"[runtime-status] [63787] Functions runtime initialized. {\"cwd\":\"/Users/bryce/private_project_flutter/extract/functions\",\"node_version\":\"20.5.1\"}"}}
[debug] [2024-05-15T16:42:41.348Z] [runtime-status] [63787] Listening to port: /var/folders/fm/gc1qxgp56b5f29_xml5kvbhr0000gp/T/fire_emu_a47ebf0b94c1cf50.sock {"metadata":{"emulator":{"name":"functions"},"function":{"name":"us-central1-analyzeImageHttp"},"extension":{},"message":"[runtime-status] [63787] Listening to port: /var/folders/fm/gc1qxgp56b5f29_xml5kvbhr0000gp/T/fire_emu_a47ebf0b94c1cf50.sock"}}
[debug] [2024-05-15T16:42:41.468Z] [worker-us-central1-analyzeImageHttp-df66b759-923b-4855-9d16-436e5b3f5b0d]: IDLE {"metadata":{"emulator":{"name":"functions"},"function":{"name":"us-central1-analyzeImageHttp"},"extension":{},"message":"[worker-us-central1-analyzeImageHttp-df66b759-923b-4855-9d16-436e5b3f5b0d]: IDLE"}}
[debug] [2024-05-15T16:42:41.472Z] [worker-pool] submitRequest(triggerId=us-central1-analyzeImageHttp) {"metadata":{"emulator":{"name":"functions"},"message":"[worker-pool] submitRequest(triggerId=us-central1-analyzeImageHttp)"}}
[info] i  functions: Beginning execution of "us-central1-analyzeImageHttp" {"metadata":{"emulator":{"name":"functions"},"function":{"name":"us-central1-analyzeImageHttp"},"extension":{},"message":"Beginning execution of \"us-central1-analyzeImageHttp\""}}
[debug] [2024-05-15T16:42:41.477Z] [worker-us-central1-analyzeImageHttp-df66b759-923b-4855-9d16-436e5b3f5b0d]: BUSY {"metadata":{"emulator":{"name":"functions"},"function":{"name":"us-central1-analyzeImageHttp"},"extension":{},"message":"[worker-us-central1-analyzeImageHttp-df66b759-923b-4855-9d16-436e5b3f5b0d]: BUSY"}}
[warn] ⚠  Google API requested!
   - URL: "https://oauth2.googleapis.com/token"
   - Be careful, this may be a production service. {"metadata":{"emulator":{"name":"functions"},"function":{"name":"us-central1-analyzeImageHttp"},"extension":{},"message":"Google API requested!\n   - URL: \"https://oauth2.googleapis.com/token\"\n   - Be careful, this may be a production service."}}
[debug] [2024-05-15T16:42:42.807Z] Finishing up request with event=pause {"metadata":{"emulator":{"name":"functions"},"function":{"name":"us-central1-analyzeImageHttp"},"extension":{},"message":"Finishing up request with event=pause"}}
[info] i  functions: Finished "us-central1-analyzeImageHttp" in 1330.1285ms {"metadata":{"emulator":{"name":"functions"},"function":{"name":"us-central1-analyzeImageHttp"},"extension":{},"message":"Finished \"us-central1-analyzeImageHttp\" in 1330.1285ms"}}
[debug] [2024-05-15T16:42:42.808Z] [worker-us-central1-analyzeImageHttp-df66b759-923b-4855-9d16-436e5b3f5b0d]: IDLE {"metadata":{"emulator":{"name":"functions"},"function":{"name":"us-central1-analyzeImageHttp"},"extension":{},"message":"[worker-us-central1-analyzeImageHttp-df66b759-923b-4855-9d16-436e5b3f5b0d]: IDLE"}}
[debug] [2024-05-15T16:42:42.808Z] Finishing up request with event=finish {"metadata":{"emulator":{"name":"functions"},"function":{"name":"us-central1-analyzeImageHttp"},"extension":{},"message":"Finishing up request with event=finish"}}
[debug] [2024-05-15T16:42:42.808Z] Finishing up request with event=close {"metadata":{"emulator":{"name":"functions"},"function":{"name":"us-central1-analyzeImageHttp"},"extension":{},"message":"Finishing up request with event=close"}}
[debug] [2024-05-15T16:42:42.808Z] [work-queue] {"queuedWork":[],"queueLength":0,"runningWork":[],"workRunningCount":0}
[debug] [2024-05-15T16:44:45.804Z] File /Users/bryce/private_project_flutter/extract/functions/index.js changed, reloading triggers {"metadata":{"emulator":{"name":"functions"},"message":"File /Users/bryce/private_project_flutter/extract/functions/index.js changed, reloading triggers"}}
[debug] [2024-05-15T16:44:46.881Z] Validating nodejs source
[debug] [2024-05-15T16:44:47.914Z] > [functions] package.json contents: {
  "name": "functions",
  "description": "Cloud Functions for Firebase",
  "dependencies": {
    "@google-cloud/vision": "^3.1.4",
    "firebase-admin": "^11.11.1",
    "firebase-functions": "^5.0.1"
  },
  "engines": {
    "node": "14"
  },
  "scripts": {
    "lint": "eslint .",
    "serve": "firebase emulators:start --only functions",
    "shell": "firebase functions:shell",
    "start": "npm run shell",
    "deploy": "firebase deploy --only functions",
    "logs": "firebase functions:log"
  },
  "devDependencies": {
    "eslint": "^7.32.0",
    "eslint-config-google": "^0.14.0",
    "eslint-plugin-import": "^2.25.2"
  },
  "private": true
}
[debug] [2024-05-15T16:44:47.914Z] Building nodejs source
[debug] [2024-05-15T16:44:47.914Z] Failed to find version of module node: reached end of search path /Users/bryce/private_project_flutter/extract/functions/node_modules
[warn] ⚠  functions: Your requested "node" version "14" doesn't match your global version "20". Using node@20 from host. 
[debug] [2024-05-15T16:44:47.921Z] Could not find functions.yaml. Must use http discovery
[debug] [2024-05-15T16:44:47.925Z] Found firebase-functions binary at '/Users/bryce/private_project_flutter/extract/functions/node_modules/.bin/firebase-functions'
[info] Serving at port 8352

[debug] [2024-05-15T16:44:48.711Z] Got response from /__/functions.yaml {"endpoints":{"analyzeImage":{"platform":"gcfv1","availableMemoryMb":null,"timeoutSeconds":null,"minInstances":null,"maxInstances":null,"ingressSettings":null,"serviceAccountEmail":null,"vpc":null,"eventTrigger":{"eventType":"google.storage.object.finalize","eventFilters":{"resource":"projects/_/buckets/test-extract-text-ia.appspot.com"},"retry":false},"labels":{},"entryPoint":"analyzeImage"},"analyzeImageHttp":{"platform":"gcfv1","availableMemoryMb":null,"timeoutSeconds":null,"minInstances":null,"maxInstances":null,"ingressSettings":null,"serviceAccountEmail":null,"vpc":null,"httpsTrigger":{},"entryPoint":"analyzeImageHttp"}},"specVersion":"v1alpha1","requiredAPIs":[]}
[info] ✔  functions: Loaded functions definitions from source: analyzeImage, analyzeImageHttp. {"metadata":{"emulator":{"name":"functions"},"message":"Loaded functions definitions from source: analyzeImage, analyzeImageHttp."}}
[debug] [2024-05-15T16:44:53.747Z] [worker-pool] Shutting down IDLE worker (us-central1-analyzeImageHttp) {"metadata":{"emulator":{"name":"functions"},"message":"[worker-pool] Shutting down IDLE worker (us-central1-analyzeImageHttp)"}}
[debug] [2024-05-15T16:44:53.747Z] [worker-us-central1-analyzeImageHttp-df66b759-923b-4855-9d16-436e5b3f5b0d]: FINISHING {"metadata":{"emulator":{"name":"functions"},"function":{"name":"us-central1-analyzeImageHttp"},"extension":{},"message":"[worker-us-central1-analyzeImageHttp-df66b759-923b-4855-9d16-436e5b3f5b0d]: FINISHING"}}
[debug] [2024-05-15T16:44:53.756Z] [worker-us-central1-analyzeImageHttp-df66b759-923b-4855-9d16-436e5b3f5b0d]: exited {"metadata":{"emulator":{"name":"functions"},"function":{"name":"us-central1-analyzeImageHttp"},"extension":{},"message":"[worker-us-central1-analyzeImageHttp-df66b759-923b-4855-9d16-436e5b3f5b0d]: exited"}}
[debug] [2024-05-15T16:44:53.756Z] [worker-us-central1-analyzeImageHttp-df66b759-923b-4855-9d16-436e5b3f5b0d]: FINISHED {"metadata":{"emulator":{"name":"functions"},"function":{"name":"us-central1-analyzeImageHttp"},"extension":{},"message":"[worker-us-central1-analyzeImageHttp-df66b759-923b-4855-9d16-436e5b3f5b0d]: FINISHED"}}
[debug] [2024-05-15T16:44:55.766Z] [work-queue] {"queuedWork":["/test-extract-text-ia/us-central1/analyzeImageHttp-2024-05-15T16:44:55.766Z"],"queueLength":1,"runningWork":[],"workRunningCount":0}
[debug] [2024-05-15T16:44:55.768Z] [work-queue] {"queuedWork":[],"queueLength":0,"runningWork":["/test-extract-text-ia/us-central1/analyzeImageHttp-2024-05-15T16:44:55.766Z"],"workRunningCount":1}
[debug] [2024-05-15T16:44:55.768Z] Accepted request POST /test-extract-text-ia/us-central1/analyzeImageHttp --> us-central1-analyzeImageHttp
[debug] [2024-05-15T16:44:55.776Z] [functions] Runtime ready! Sending request! {"metadata":{"emulator":{"name":"functions"},"message":"[functions] Runtime ready! Sending request!"}}
[debug] [2024-05-15T16:44:55.776Z] [functions] Got req.url=/test-extract-text-ia/us-central1/analyzeImageHttp, mapping to path=/ {"metadata":{"emulator":{"name":"functions"},"message":"[functions] Got req.url=/test-extract-text-ia/us-central1/analyzeImageHttp, mapping to path=/"}}
[debug] [2024-05-15T16:44:55.776Z] [worker-pool] Cleaned up workers for us-central1-analyzeImageHttp: 1 --> 0 {"metadata":{"emulator":{"name":"functions"},"message":"[worker-pool] Cleaned up workers for us-central1-analyzeImageHttp: 1 --> 0"}}
[debug] [2024-05-15T16:44:55.778Z] [worker-pool] addWorker(us-central1-analyzeImageHttp) {"metadata":{"emulator":{"name":"functions"},"message":"[worker-pool] addWorker(us-central1-analyzeImageHttp)"}}
[debug] [2024-05-15T16:44:55.779Z] [worker-pool] Adding worker with key us-central1-analyzeImageHttp, total=1 {"metadata":{"emulator":{"name":"functions"},"message":"[worker-pool] Adding worker with key us-central1-analyzeImageHttp, total=1"}}
[debug] [2024-05-15T16:44:56.845Z] [runtime-status] [64502] Resolved module firebase-admin {"declared":true,"installed":true,"version":"11.11.1","resolution":"/Users/bryce/private_project_flutter/extract/functions/node_modules/firebase-admin/lib/index.js"} {"metadata":{"emulator":{"name":"functions"},"function":{"name":"us-central1-analyzeImageHttp"},"extension":{},"message":"[runtime-status] [64502] Resolved module firebase-admin {\"declared\":true,\"installed\":true,\"version\":\"11.11.1\",\"resolution\":\"/Users/bryce/private_project_flutter/extract/functions/node_modules/firebase-admin/lib/index.js\"}"}}
[debug] [2024-05-15T16:44:56.845Z] [runtime-status] [64502] Resolved module firebase-functions {"declared":true,"installed":true,"version":"5.0.1","resolution":"/Users/bryce/private_project_flutter/extract/functions/node_modules/firebase-functions/lib/v1/index.js"} {"metadata":{"emulator":{"name":"functions"},"function":{"name":"us-central1-analyzeImageHttp"},"extension":{},"message":"[runtime-status] [64502] Resolved module firebase-functions {\"declared\":true,\"installed\":true,\"version\":\"5.0.1\",\"resolution\":\"/Users/bryce/private_project_flutter/extract/functions/node_modules/firebase-functions/lib/v1/index.js\"}"}}
[debug] [2024-05-15T16:44:56.845Z] [runtime-status] [64502] Outgoing network have been stubbed. [{"name":"http","status":"mocked"},{"name":"http","status":"mocked"},{"name":"https","status":"mocked"},{"name":"https","status":"mocked"},{"name":"net","status":"mocked"}] {"metadata":{"emulator":{"name":"functions"},"function":{"name":"us-central1-analyzeImageHttp"},"extension":{},"message":"[runtime-status] [64502] Outgoing network have been stubbed. [{\"name\":\"http\",\"status\":\"mocked\"},{\"name\":\"http\",\"status\":\"mocked\"},{\"name\":\"https\",\"status\":\"mocked\"},{\"name\":\"https\",\"status\":\"mocked\"},{\"name\":\"net\",\"status\":\"mocked\"}]"}}
[debug] [2024-05-15T16:44:56.846Z] [runtime-status] [64502] Resolved module firebase-functions {"declared":true,"installed":true,"version":"5.0.1","resolution":"/Users/bryce/private_project_flutter/extract/functions/node_modules/firebase-functions/lib/v1/index.js"} {"metadata":{"emulator":{"name":"functions"},"function":{"name":"us-central1-analyzeImageHttp"},"extension":{},"message":"[runtime-status] [64502] Resolved module firebase-functions {\"declared\":true,\"installed\":true,\"version\":\"5.0.1\",\"resolution\":\"/Users/bryce/private_project_flutter/extract/functions/node_modules/firebase-functions/lib/v1/index.js\"}"}}
[debug] [2024-05-15T16:44:57.012Z] [runtime-status] [64502] Checked functions.config() {"config":{}} {"metadata":{"emulator":{"name":"functions"},"function":{"name":"us-central1-analyzeImageHttp"},"extension":{},"message":"[runtime-status] [64502] Checked functions.config() {\"config\":{}}"}}
[debug] [2024-05-15T16:44:57.013Z] [runtime-status] [64502] firebase-functions has been stubbed. {"functionsResolution":{"declared":true,"installed":true,"version":"5.0.1","resolution":"/Users/bryce/private_project_flutter/extract/functions/node_modules/firebase-functions/lib/v1/index.js"}} {"metadata":{"emulator":{"name":"functions"},"function":{"name":"us-central1-analyzeImageHttp"},"extension":{},"message":"[runtime-status] [64502] firebase-functions has been stubbed. {\"functionsResolution\":{\"declared\":true,\"installed\":true,\"version\":\"5.0.1\",\"resolution\":\"/Users/bryce/private_project_flutter/extract/functions/node_modules/firebase-functions/lib/v1/index.js\"}}"}}
[debug] [2024-05-15T16:44:57.013Z] [runtime-status] [64502] Resolved module firebase-functions {"declared":true,"installed":true,"version":"5.0.1","resolution":"/Users/bryce/private_project_flutter/extract/functions/node_modules/firebase-functions/lib/v1/index.js"} {"metadata":{"emulator":{"name":"functions"},"function":{"name":"us-central1-analyzeImageHttp"},"extension":{},"message":"[runtime-status] [64502] Resolved module firebase-functions {\"declared\":true,\"installed\":true,\"version\":\"5.0.1\",\"resolution\":\"/Users/bryce/private_project_flutter/extract/functions/node_modules/firebase-functions/lib/v1/index.js\"}"}}
[debug] [2024-05-15T16:44:57.013Z] [runtime-status] [64502] Resolved module firebase-admin {"declared":true,"installed":true,"version":"11.11.1","resolution":"/Users/bryce/private_project_flutter/extract/functions/node_modules/firebase-admin/lib/index.js"} {"metadata":{"emulator":{"name":"functions"},"function":{"name":"us-central1-analyzeImageHttp"},"extension":{},"message":"[runtime-status] [64502] Resolved module firebase-admin {\"declared\":true,\"installed\":true,\"version\":\"11.11.1\",\"resolution\":\"/Users/bryce/private_project_flutter/extract/functions/node_modules/firebase-admin/lib/index.js\"}"}}
[debug] [2024-05-15T16:44:57.014Z] [runtime-status] [64502] Resolved module firebase-functions {"declared":true,"installed":true,"version":"5.0.1","resolution":"/Users/bryce/private_project_flutter/extract/functions/node_modules/firebase-functions/lib/v1/index.js"} {"metadata":{"emulator":{"name":"functions"},"function":{"name":"us-central1-analyzeImageHttp"},"extension":{},"message":"[runtime-status] [64502] Resolved module firebase-functions {\"declared\":true,\"installed\":true,\"version\":\"5.0.1\",\"resolution\":\"/Users/bryce/private_project_flutter/extract/functions/node_modules/firebase-functions/lib/v1/index.js\"}"}}
[debug] [2024-05-15T16:44:57.014Z] [runtime-status] [64502] firebase-admin has been stubbed. {"adminResolution":{"declared":true,"installed":true,"version":"11.11.1","resolution":"/Users/bryce/private_project_flutter/extract/functions/node_modules/firebase-admin/lib/index.js"}} {"metadata":{"emulator":{"name":"functions"},"function":{"name":"us-central1-analyzeImageHttp"},"extension":{},"message":"[runtime-status] [64502] firebase-admin has been stubbed. {\"adminResolution\":{\"declared\":true,\"installed\":true,\"version\":\"11.11.1\",\"resolution\":\"/Users/bryce/private_project_flutter/extract/functions/node_modules/firebase-admin/lib/index.js\"}}"}}
[debug] [2024-05-15T16:44:57.315Z] [runtime-status] [64502] initializeApp(DEFAULT) {"storageBucket":"test-extract-text-ia.appspot.com","projectId":"test-extract-text-ia"} {"metadata":{"emulator":{"name":"functions"},"function":{"name":"us-central1-analyzeImageHttp"},"extension":{},"message":"[runtime-status] [64502] initializeApp(DEFAULT) {\"storageBucket\":\"test-extract-text-ia.appspot.com\",\"projectId\":\"test-extract-text-ia\"}"}}
[debug] [2024-05-15T16:44:57.482Z] [runtime-status] [64502] Functions runtime initialized. {"cwd":"/Users/bryce/private_project_flutter/extract/functions","node_version":"20.5.1"} {"metadata":{"emulator":{"name":"functions"},"function":{"name":"us-central1-analyzeImageHttp"},"extension":{},"message":"[runtime-status] [64502] Functions runtime initialized. {\"cwd\":\"/Users/bryce/private_project_flutter/extract/functions\",\"node_version\":\"20.5.1\"}"}}
[debug] [2024-05-15T16:44:57.483Z] [runtime-status] [64502] Listening to port: /var/folders/fm/gc1qxgp56b5f29_xml5kvbhr0000gp/T/fire_emu_43fdde8e78218f53.sock {"metadata":{"emulator":{"name":"functions"},"function":{"name":"us-central1-analyzeImageHttp"},"extension":{},"message":"[runtime-status] [64502] Listening to port: /var/folders/fm/gc1qxgp56b5f29_xml5kvbhr0000gp/T/fire_emu_43fdde8e78218f53.sock"}}
[debug] [2024-05-15T16:44:57.560Z] [worker-us-central1-analyzeImageHttp-f411f386-7a59-461d-9a76-af2c84e95635]: IDLE {"metadata":{"emulator":{"name":"functions"},"function":{"name":"us-central1-analyzeImageHttp"},"extension":{},"message":"[worker-us-central1-analyzeImageHttp-f411f386-7a59-461d-9a76-af2c84e95635]: IDLE"}}
[debug] [2024-05-15T16:44:57.560Z] [worker-pool] submitRequest(triggerId=us-central1-analyzeImageHttp) {"metadata":{"emulator":{"name":"functions"},"message":"[worker-pool] submitRequest(triggerId=us-central1-analyzeImageHttp)"}}
[info] i  functions: Beginning execution of "us-central1-analyzeImageHttp" {"metadata":{"emulator":{"name":"functions"},"function":{"name":"us-central1-analyzeImageHttp"},"extension":{},"message":"Beginning execution of \"us-central1-analyzeImageHttp\""}}
[debug] [2024-05-15T16:44:57.562Z] [worker-us-central1-analyzeImageHttp-f411f386-7a59-461d-9a76-af2c84e95635]: BUSY {"metadata":{"emulator":{"name":"functions"},"function":{"name":"us-central1-analyzeImageHttp"},"extension":{},"message":"[worker-us-central1-analyzeImageHttp-f411f386-7a59-461d-9a76-af2c84e95635]: BUSY"}}
[warn] ⚠  Google API requested!
   - URL: "https://oauth2.googleapis.com/token"
   - Be careful, this may be a production service. {"metadata":{"emulator":{"name":"functions"},"function":{"name":"us-central1-analyzeImageHttp"},"extension":{},"message":"Google API requested!\n   - URL: \"https://oauth2.googleapis.com/token\"\n   - Be careful, this may be a production service."}}
[debug] [2024-05-15T16:44:59.164Z] Finishing up request with event=pause {"metadata":{"emulator":{"name":"functions"},"function":{"name":"us-central1-analyzeImageHttp"},"extension":{},"message":"Finishing up request with event=pause"}}
[info] i  functions: Finished "us-central1-analyzeImageHttp" in 1602.201541ms {"metadata":{"emulator":{"name":"functions"},"function":{"name":"us-central1-analyzeImageHttp"},"extension":{},"message":"Finished \"us-central1-analyzeImageHttp\" in 1602.201541ms"}}
[debug] [2024-05-15T16:44:59.164Z] [worker-us-central1-analyzeImageHttp-f411f386-7a59-461d-9a76-af2c84e95635]: IDLE {"metadata":{"emulator":{"name":"functions"},"function":{"name":"us-central1-analyzeImageHttp"},"extension":{},"message":"[worker-us-central1-analyzeImageHttp-f411f386-7a59-461d-9a76-af2c84e95635]: IDLE"}}
[debug] [2024-05-15T16:44:59.164Z] Finishing up request with event=finish {"metadata":{"emulator":{"name":"functions"},"function":{"name":"us-central1-analyzeImageHttp"},"extension":{},"message":"Finishing up request with event=finish"}}
[debug] [2024-05-15T16:44:59.164Z] Finishing up request with event=close {"metadata":{"emulator":{"name":"functions"},"function":{"name":"us-central1-analyzeImageHttp"},"extension":{},"message":"Finishing up request with event=close"}}
[debug] [2024-05-15T16:44:59.164Z] [work-queue] {"queuedWork":[],"queueLength":0,"runningWork":[],"workRunningCount":0}
